
> ai-customerservice@0.1.0 dev
> next dev

▲ Next.js 16.2.2 (Turbopack)
- Local:         http://localhost:3000
- Network:       http://192.168.56.1:3000
- Environments: .env.local
✓ Ready in 1075ms
Creating turbopack project { dir: 'D:\\e-learning CS\\ai-customerservice', testMode: true }

○ Compiling / ...
 GET / 200 in 18.6s (next.js: 15.9s, proxy.ts: 1219ms, application-code: 1438ms)
 GET /login?email=mahasiswa%40elearning.local&password=Mahasiswa123 200 in 4.4s (next.js: 2.9s, proxy.ts: 79ms, application-code: 1374ms)
 GET /login 200 in 2.5s (next.js: 278ms, proxy.ts: 587ms, application-code: 1593ms)
○ Compiling /api/auth/login ...
 POST /api/auth/login 200 in 11.1s (next.js: 7.9s, application-code: 3.2s)
 GET /dashboard?panel=materi 200 in 3.9s (next.js: 2.8s, proxy.ts: 28ms, application-code: 1027ms)
 GET /api/auth/session 200 in 917ms (next.js: 671ms, application-code: 246ms)
 GET /api/auth/session 200 in 708ms (next.js: 16ms, application-code: 692ms)
 POST /api/ai/admin 200 in 8.1s (next.js: 1077ms, application-code: 7.0s)
 GET /login 200 in 111ms (next.js: 12ms, proxy.ts: 43ms, application-code: 56ms)
 POST /api/auth/login 200 in 1021ms (next.js: 37ms, application-code: 984ms)
○ Compiling /dashboard/admin ...
 GET /dashboard/admin 200 in 7.1s (next.js: 6.4s, proxy.ts: 18ms, application-code: 738ms)
 GET /dashboard?panel=admin 200 in 118ms (next.js: 9ms, proxy.ts: 48ms, application-code: 62ms)
 GET /dashboard?panel=admin 200 in 111ms (next.js: 9ms, proxy.ts: 22ms, application-code: 79ms)
 GET /api/auth/session 200 in 208ms (next.js: 17ms, application-code: 191ms)
 GET /api/auth/session 200 in 222ms (next.js: 19ms, application-code: 203ms)
 GET /api/admin/users 200 in 781ms (next.js: 326ms, application-code: 455ms)
[?25h
